******************************************************************************************
这是汉诺塔问题（把A塔上编号从小号到大号的5个圆盘从A塔通过B辅助塔移动到C塔上去
******************************************************************************************
|        |        |        
|-:01    |        |        
|--:02   |        |        
|---:03  |        |        
|----:04 |        |        
|-----:05|        |        
===========================
第1次:1从A移到C
|        |        |        
|        |        |        
|--:02   |        |        
|---:03  |        |        
|----:04 |        |        
|-----:05|        |-:01    
===========================
第2次:2从A移到B
|        |        |        
|        |        |        
|        |        |        
|---:03  |        |        
|----:04 |        |        
|-----:05|--:02   |-:01    
===========================
第3次:1从C移到B
|        |        |        
|        |        |        
|        |        |        
|---:03  |        |        
|----:04 |-:01    |        
|-----:05|--:02   |        
===========================
第4次:3从A移到C
|        |        |        
|        |        |        
|        |        |        
|        |        |        
|----:04 |-:01    |        
|-----:05|--:02   |---:03  
===========================
第5次:1从B移到A
|        |        |        
|        |        |        
|        |        |        
|-:01    |        |        
|----:04 |        |        
|-----:05|--:02   |---:03  
===========================
第6次:2从B移到C
|        |        |        
|        |        |        
|        |        |        
|-:01    |        |        
|----:04 |        |--:02   
|-----:05|        |---:03  
===========================
第7次:1从A移到C
|        |        |        
|        |        |        
|        |        |        
|        |        |-:01    
|----:04 |        |--:02   
|-----:05|        |---:03  
===========================
第8次:4从A移到B
|        |        |        
|        |        |        
|        |        |        
|        |        |-:01    
|        |        |--:02   
|-----:05|----:04 |---:03  
===========================
第9次:1从C移到B
|        |        |        
|        |        |        
|        |        |        
|        |        |        
|        |-:01    |--:02   
|-----:05|----:04 |---:03  
===========================
第10次:2从C移到A
|        |        |        
|        |        |        
|        |        |        
|        |        |        
|--:02   |-:01    |        
|-----:05|----:04 |---:03  
===========================
第11次:1从B移到A
|        |        |        
|        |        |        
|        |        |        
|-:01    |        |        
|--:02   |        |        
|-----:05|----:04 |---:03  
===========================
第12次:3从C移到B
|        |        |        
|        |        |        
|        |        |        
|-:01    |        |        
|--:02   |---:03  |        
|-----:05|----:04 |        
===========================
第13次:1从A移到C
|        |        |        
|        |        |        
|        |        |        
|        |        |        
|--:02   |---:03  |        
|-----:05|----:04 |-:01    
===========================
第14次:2从A移到B
|        |        |        
|        |        |        
|        |        |        
|        |--:02   |        
|        |---:03  |        
|-----:05|----:04 |-:01    
===========================
第15次:1从C移到B
|        |        |        
|        |        |        
|        |-:01    |        
|        |--:02   |        
|        |---:03  |        
|-----:05|----:04 |        
===========================
第16次:5从A移到C
|        |        |        
|        |        |        
|        |-:01    |        
|        |--:02   |        
|        |---:03  |        
|        |----:04 |-----:05
===========================
第17次:1从B移到A
|        |        |        
|        |        |        
|        |        |        
|        |--:02   |        
|        |---:03  |        
|-:01    |----:04 |-----:05
===========================
第18次:2从B移到C
|        |        |        
|        |        |        
|        |        |        
|        |        |        
|        |---:03  |--:02   
|-:01    |----:04 |-----:05
===========================
第19次:1从A移到C
|        |        |        
|        |        |        
|        |        |        
|        |        |-:01    
|        |---:03  |--:02   
|        |----:04 |-----:05
===========================
第20次:3从B移到A
|        |        |        
|        |        |        
|        |        |        
|        |        |-:01    
|        |        |--:02   
|---:03  |----:04 |-----:05
===========================
第21次:1从C移到B
|        |        |        
|        |        |        
|        |        |        
|        |        |        
|        |-:01    |--:02   
|---:03  |----:04 |-----:05
===========================
第22次:2从C移到A
|        |        |        
|        |        |        
|        |        |        
|        |        |        
|--:02   |-:01    |        
|---:03  |----:04 |-----:05
===========================
第23次:1从B移到A
|        |        |        
|        |        |        
|        |        |        
|-:01    |        |        
|--:02   |        |        
|---:03  |----:04 |-----:05
===========================
第24次:4从B移到C
|        |        |        
|        |        |        
|        |        |        
|-:01    |        |        
|--:02   |        |----:04 
|---:03  |        |-----:05
===========================
第25次:1从A移到C
|        |        |        
|        |        |        
|        |        |        
|        |        |-:01    
|--:02   |        |----:04 
|---:03  |        |-----:05
===========================
第26次:2从A移到B
|        |        |        
|        |        |        
|        |        |        
|        |        |-:01    
|        |        |----:04 
|---:03  |--:02   |-----:05
===========================
第27次:1从C移到B
|        |        |        
|        |        |        
|        |        |        
|        |        |        
|        |-:01    |----:04 
|---:03  |--:02   |-----:05
===========================
第28次:3从A移到C
|        |        |        
|        |        |        
|        |        |        
|        |        |---:03  
|        |-:01    |----:04 
|        |--:02   |-----:05
===========================
第29次:1从B移到A
|        |        |        
|        |        |        
|        |        |        
|        |        |---:03  
|        |        |----:04 
|-:01    |--:02   |-----:05
===========================
第30次:2从B移到C
|        |        |        
|        |        |        
|        |        |--:02   
|        |        |---:03  
|        |        |----:04 
|-:01    |        |-----:05
===========================
第31次:1从A移到C
|        |        |        
|        |        |-:01    
|        |        |--:02   
|        |        |---:03  
|        |        |----:04 
|        |        |-----:05
===========================
